2022-03-22 19:16:55:405 grammar LogManager.java:25 before: (PARSER_GRAMMAR Chems (OPTIONS (= tokenVocab ChemsLexer)) (@ header {
    import "proyecto1/interfaces"
    import "proyecto1/expresion"
    import "proyecto1/instruction"
    import arrayList "github.com/colegno/arraylist"

}) (RULES (RULE start (returns *arrayList.List lista) (BLOCK (ALT instrucciones {$lista = $instrucciones.l}))) (RULE instrucciones (returns *arrayList.List l) (@ init {
    $l =  arrayList.New()
  }) (BLOCK (ALT (* (BLOCK (ALT (+= e instruccion)))) {
      listInt := localctx.(*InstruccionesContext).GetE()
      		for _, e := range listInt {
            $l.Add(e.GetInstr())
          }
    }))) (RULE instruccion (returns interfaces.Instruction instr) (BLOCK (ALT PRINTLN DIFERENTE PARIZQ expression PARDER ';' {$instr = instruction.NewImprimir($expression.p,false)}) (ALT PRINT DIFERENTE PARIZQ expression PARDER ';' {$instr = instruction.NewImprimir($expression.p,true)}) (ALT P_LET (= muteable mut) (= isArray array_st) (= id ID) DOSPUNTOS (= isTipo tipo) IGUAL expression ';' {$instr = instruction.NewDeclaration($id.text,$isTipo.p,$expression.p, $isArray.arr,$muteable.arr,$expression.start.GetLine(),$expression.start.GetColumn(),0)	}) (ALT P_LET (= muteable mut) (= isArray array_st) (= id ID) IGUAL expression ';' {$instr = instruction.NewDeclaration($id.text,interfaces.NULL,$expression.p, $isArray.arr,$muteable.arr,$expression.start.GetLine(),$expression.start.GetColumn(),0)	}) (ALT P_LET (= muteable mut) (= id ID) DOSPUNTOS CORIZQ (= isTipo tipo) ';' NUMBER CORDER IGUAL (= ex1 expression) ';' {	
      num,err := strconv.Atoi($NUMBER.text)
                if err!= nil{
                    fmt.Println(err)
                }
     $instr = instruction.NewDeclaration($id.text,$isTipo.p,$ex1.p, true,$muteable.arr,$ex1.start.GetLine(),$ex1.start.GetColumn(),num)	}) (ALT (= id ID) '=' expression ';' {$instr = instruction.NewAssignment($id.text,$expression.p)}) (ALT P_IF expression LLAVEIZQ instrucciones LLAVEDER {$instr = instruction.NewIf($expression.p, $instrucciones.l,nil,nil)}) (ALT P_IF expression LLAVEIZQ (= i1 instrucciones) LLAVEDER P_ELSE LLAVEIZQ (= i2 instrucciones) LLAVEDER {$instr = instruction.NewIf($expression.p, $i1.l,nil,$i2.l)}) (ALT P_IF expression LLAVEIZQ (= i1 instrucciones) LLAVEDER (= d2 listaelseif) P_ELSE LLAVEIZQ (= i2 instrucciones) LLAVEDER {$instr = instruction.NewIf($expression.p, $i1.l,$d2.lista,$i2.l)}) (ALT P_WHILE expression LLAVEIZQ instrucciones LLAVEDER {$instr = instruction.NewWhile($expression.p, $instrucciones.l)}) (ALT P_LOOP LLAVEIZQ instrucciones LLAVEDER {$instr = instruction.NewLoop($instrucciones.l)}) (ALT P_FOR (= id ID) P_IN (= f2 expression) LLAVEIZQ instrucciones LLAVEDER {$instr = instruction.NewForin($id.text,$f2.p,$instrucciones.l)}) (ALT P_BREAK ';' {$instr = instruction.NewBreak(interfaces.BREAK,$P_BREAK.line,$P_BREAK.pos)}) (ALT P_CONTINUE ';' {$instr = instruction.NewContinue(interfaces.CONTINUE,$P_CONTINUE.line,$P_CONTINUE.pos)}))) (RULE listaelseif (returns *arrayList.List lista) (@ init { $lista = arrayList.New()}) (BLOCK (ALT (* (BLOCK (ALT (+= list else_if)))) {
      listInt := localctx.(*ListaelseifContext).GetList()
                                                                            for _, e := range listInt {
                                                                                $lista.Add(e.GetInstr())
                                                                            }
    }))) (RULE else_if (returns interfaces.Instruction instr) (BLOCK (ALT P_ELSE P_IF expression LLAVEIZQ instrucciones LLAVEDER {$instr = instruction.NewIf($expression.p, $instrucciones.l,nil,nil)}))) (RULE tipo (returns interfaces.TipoExpresion p) (BLOCK (ALT P_F64 {$p=interfaces.FLOAT}) (ALT P_I64 {$p=interfaces.INTEGER}) (ALT P_STRING {$p=interfaces.STRING}) (ALT P_STRING2 {$p=interfaces.STRING}))) (RULE mut (returns bool arr) (BLOCK (ALT P_MUT { $arr = true }) (ALT EPSILON))) (RULE array_st (returns bool arr) (BLOCK (ALT CORIZQ CORDER { $arr = true }) (ALT EPSILON))) (RULE expression (returns interfaces.Expresion p) (BLOCK (ALT expr_arit {$p = $expr_arit.p}))) (RULE expr_arit (returns interfaces.Expresion p) (BLOCK (ALT (= opIz expr_arit) (= op (BLOCK (ALT '*') (ALT '/'))) (= opDe expr_arit) {$p = expresion.NewOperacion($opIz.p,$op.text,$opDe.p,false,$opIz.start.GetLine(),$opIz.start.GetColumn())}) (ALT (= opIz expr_arit) (= op (BLOCK (ALT '+') (ALT '-'))) (= opDe expr_arit) {$p = expresion.NewOperacion($opIz.p,$op.text,$opDe.p,false,$opIz.start.GetLine(),$opIz.start.GetColumn())}) (ALT (= reservada (BLOCK (ALT P_F64) (ALT P_I64))) DOSPUNTOS DOSPUNTOS (= op (BLOCK (ALT P_POW) (ALT P_POWF))) PARIZQ (= opIz expr_arit) COMA (= opDe expr_arit) PARDER {$p = expresion.NewOperacion($opIz.p,$op.text,$opDe.p,false,$opIz.start.GetLine(),$opIz.start.GetColumn())}) (ALT (= opIz expr_arit) (= op (BLOCK (ALT '<') (ALT '<=') (ALT '>=') (ALT '>') (ALT MODULO) (ALT DIFERENTEDE))) (= opDe expr_arit) {$p = expresion.NewOperacion($opIz.p,$op.text,$opDe.p,false,$opIz.start.GetLine(),$opIz.start.GetColumn())}) (ALT (= opIz expr_arit) (= op IGUALIGUA) (= opDe expr_arit) {$p = expresion.NewOperacion($opIz.p,$op.text,$opDe.p,false,$opIz.start.GetLine(),$opIz.start.GetColumn())}) (ALT (= opIz expr_arit) (= op (BLOCK (ALT OR) (ALT AND))) (= opDe expr_arit) {$p = expresion.NewOperacion($opIz.p,$op.text,$opDe.p,false,$opIz.start.GetLine(),$opIz.start.GetColumn())}) (ALT (= op DIFERENTE) (= opDe expr_arit) {$p = expresion.NewOperacion(nil,$op.text,$opDe.p,false,$opDe.start.GetLine(),$opDe.start.GetColumn())}) (ALT (= opIz expr_arit) PUNTO (= op P_ABS) PARIZQ PARDER {$p = expresion.NewNativas($opIz.p,$op.text,$opIz.start.GetLine(),$opIz.start.GetColumn())}) (ALT (= opIz expr_arit) PUNTO (= op P_SQRT) PARIZQ PARDER {$p = expresion.NewNativas($opIz.p,$op.text,$opIz.start.GetLine(),$opIz.start.GetColumn())}) (ALT (= opIz expr_arit) PUNTO (= op P_TOSTRING) PARIZQ PARDER {$p = expresion.NewNativas($opIz.p,$op.text,$opIz.start.GetLine(),$opIz.start.GetColumn())}) (ALT (= opIz expr_arit) PUNTO (= op P_CLONE) PARIZQ PARDER {$p = expresion.NewNativas($opIz.p,$op.text,$opIz.start.GetLine(),$opIz.start.GetColumn())}) (ALT CORIZQ listValues CORDER { $p = expresion.NewArray($listValues.l) }) (ALT primitivo {$p = $primitivo.p}) (ALT PARIZQ expression PARDER {$p = $expression.p}))) (RULE listValues (returns *arrayList.List l) (BLOCK (ALT (= list listValues) ',' expression { 
                                        $list.l.Add($expression.p)
                                        $l = $list.l
                                    }) (ALT expression { 
                    $l = arrayList.New()
                    $l.Add($expression.p)
                }))) (RULE primitivo (returns interfaces.Expresion p) (BLOCK (ALT NUMBER {
            	num,err := strconv.Atoi($NUMBER.text)
                if err!= nil{
                    fmt.Println(err)
                }
                
            $p = expresion.NewPrimitivo (num,interfaces.INTEGER)
       }) (ALT SUB NUMBER {
            	num,err := strconv.Atoi($NUMBER.text)
                if err!= nil{
                    fmt.Println(err)
                }
                
            $p = expresion.NewPrimitivo (-num,interfaces.INTEGER)
       }) (ALT SUB DECIMAL {
            	num,err := strconv.ParseFloat($DECIMAL.text,64)
                if err!= nil{
                    fmt.Println(err)
                }
                 a := float64(num) 
            $p = expresion.NewPrimitivo (-a,interfaces.FLOAT)
       }) (ALT STRING { 
              
      str:= $STRING.text[1:len($STRING.text)-1]
     
      $p = expresion.NewPrimitivo(str,interfaces.STRING)}) (ALT DECIMAL {
            	num,err := strconv.ParseFloat($DECIMAL.text,64)
                if err!= nil{
                    fmt.Println(err)
                }
                 a := float64(num) 
            $p = expresion.NewPrimitivo (a,interfaces.FLOAT)
       }) (ALT DECIMAL P_AS P_I64 {
            	num,err := strconv.ParseFloat($DECIMAL.text,64)
                if err!= nil{
                    fmt.Println(err)
                }
            a := int(num)
            $p = expresion.NewPrimitivo (a,interfaces.INTEGER)
       }) (ALT NUMBER P_AS P_F64 {
           num,err := strconv.Atoi($NUMBER.text)
                if err!= nil{
                    fmt.Println(err)
                }
            a := float64(num)  
            $p = expresion.NewPrimitivo (a,interfaces.FLOAT)
       }) (ALT (= list listArray) { $p = $list.p}) (ALT P_TRUE {      
      $p = expresion.NewPrimitivo("true",interfaces.TRUE)}) (ALT P_FALSE {      
      $p = expresion.NewPrimitivo("false",interfaces.FALSE)}))) (RULE listArray (returns interfaces.Expresion p) (BLOCK (ALT (= list listArray) CORIZQ expression CORDER { $p = expresion.NewArrayAccess($list.p, $expression.p) }) (ALT ID { $p = expresion.NewCallVariable($ID.text)})))))
2022-03-22 19:16:55:423 grammar LogManager.java:25 after: (PARSER_GRAMMAR Chems (OPTIONS (= tokenVocab ChemsLexer)) (@ header {
    import "proyecto1/interfaces"
    import "proyecto1/expresion"
    import "proyecto1/instruction"
    import arrayList "github.com/colegno/arraylist"

}) (RULES (RULE start (returns *arrayList.List lista) (BLOCK (ALT instrucciones {$lista = $instrucciones.l}))) (RULE instrucciones (returns *arrayList.List l) (@ init {
    $l =  arrayList.New()
  }) (BLOCK (ALT (* (BLOCK (ALT (+= e instruccion)))) {
      listInt := localctx.(*InstruccionesContext).GetE()
      		for _, e := range listInt {
            $l.Add(e.GetInstr())
          }
    }))) (RULE instruccion (returns interfaces.Instruction instr) (BLOCK (ALT PRINTLN DIFERENTE PARIZQ expression PARDER ';' {$instr = instruction.NewImprimir($expression.p,false)}) (ALT PRINT DIFERENTE PARIZQ expression PARDER ';' {$instr = instruction.NewImprimir($expression.p,true)}) (ALT P_LET (= muteable mut) (= isArray array_st) (= id ID) DOSPUNTOS (= isTipo tipo) IGUAL expression ';' {$instr = instruction.NewDeclaration($id.text,$isTipo.p,$expression.p, $isArray.arr,$muteable.arr,$expression.start.GetLine(),$expression.start.GetColumn(),0)	}) (ALT P_LET (= muteable mut) (= isArray array_st) (= id ID) IGUAL expression ';' {$instr = instruction.NewDeclaration($id.text,interfaces.NULL,$expression.p, $isArray.arr,$muteable.arr,$expression.start.GetLine(),$expression.start.GetColumn(),0)	}) (ALT P_LET (= muteable mut) (= id ID) DOSPUNTOS CORIZQ (= isTipo tipo) ';' NUMBER CORDER IGUAL (= ex1 expression) ';' {	
      num,err := strconv.Atoi($NUMBER.text)
                if err!= nil{
                    fmt.Println(err)
                }
     $instr = instruction.NewDeclaration($id.text,$isTipo.p,$ex1.p, true,$muteable.arr,$ex1.start.GetLine(),$ex1.start.GetColumn(),num)	}) (ALT (= id ID) '=' expression ';' {$instr = instruction.NewAssignment($id.text,$expression.p)}) (ALT P_IF expression LLAVEIZQ instrucciones LLAVEDER {$instr = instruction.NewIf($expression.p, $instrucciones.l,nil,nil)}) (ALT P_IF expression LLAVEIZQ (= i1 instrucciones) LLAVEDER P_ELSE LLAVEIZQ (= i2 instrucciones) LLAVEDER {$instr = instruction.NewIf($expression.p, $i1.l,nil,$i2.l)}) (ALT P_IF expression LLAVEIZQ (= i1 instrucciones) LLAVEDER (= d2 listaelseif) P_ELSE LLAVEIZQ (= i2 instrucciones) LLAVEDER {$instr = instruction.NewIf($expression.p, $i1.l,$d2.lista,$i2.l)}) (ALT P_WHILE expression LLAVEIZQ instrucciones LLAVEDER {$instr = instruction.NewWhile($expression.p, $instrucciones.l)}) (ALT P_LOOP LLAVEIZQ instrucciones LLAVEDER {$instr = instruction.NewLoop($instrucciones.l)}) (ALT P_FOR (= id ID) P_IN (= f2 expression) LLAVEIZQ instrucciones LLAVEDER {$instr = instruction.NewForin($id.text,$f2.p,$instrucciones.l)}) (ALT P_BREAK ';' {$instr = instruction.NewBreak(interfaces.BREAK,$P_BREAK.line,$P_BREAK.pos)}) (ALT P_CONTINUE ';' {$instr = instruction.NewContinue(interfaces.CONTINUE,$P_CONTINUE.line,$P_CONTINUE.pos)}))) (RULE listaelseif (returns *arrayList.List lista) (@ init { $lista = arrayList.New()}) (BLOCK (ALT (* (BLOCK (ALT (+= list else_if)))) {
      listInt := localctx.(*ListaelseifContext).GetList()
                                                                            for _, e := range listInt {
                                                                                $lista.Add(e.GetInstr())
                                                                            }
    }))) (RULE else_if (returns interfaces.Instruction instr) (BLOCK (ALT P_ELSE P_IF expression LLAVEIZQ instrucciones LLAVEDER {$instr = instruction.NewIf($expression.p, $instrucciones.l,nil,nil)}))) (RULE tipo (returns interfaces.TipoExpresion p) (BLOCK (ALT P_F64 {$p=interfaces.FLOAT}) (ALT P_I64 {$p=interfaces.INTEGER}) (ALT P_STRING {$p=interfaces.STRING}) (ALT P_STRING2 {$p=interfaces.STRING}))) (RULE mut (returns bool arr) (BLOCK (ALT P_MUT { $arr = true }) (ALT EPSILON))) (RULE array_st (returns bool arr) (BLOCK (ALT CORIZQ CORDER { $arr = true }) (ALT EPSILON))) (RULE expression (returns interfaces.Expresion p) (BLOCK (ALT expr_arit {$p = $expr_arit.p}))) (RULE expr_arit (returns interfaces.Expresion p) (BLOCK (ALT (= opIz expr_arit) (= op (SET '*' '/')) (= opDe expr_arit) {$p = expresion.NewOperacion($opIz.p,$op.text,$opDe.p,false,$opIz.start.GetLine(),$opIz.start.GetColumn())}) (ALT (= opIz expr_arit) (= op (SET '+' '-')) (= opDe expr_arit) {$p = expresion.NewOperacion($opIz.p,$op.text,$opDe.p,false,$opIz.start.GetLine(),$opIz.start.GetColumn())}) (ALT (= reservada (SET P_F64 P_I64)) DOSPUNTOS DOSPUNTOS (= op (SET P_POW P_POWF)) PARIZQ (= opIz expr_arit) COMA (= opDe expr_arit) PARDER {$p = expresion.NewOperacion($opIz.p,$op.text,$opDe.p,false,$opIz.start.GetLine(),$opIz.start.GetColumn())}) (ALT (= opIz expr_arit) (= op (SET '<' '<=' '>=' '>' MODULO DIFERENTEDE)) (= opDe expr_arit) {$p = expresion.NewOperacion($opIz.p,$op.text,$opDe.p,false,$opIz.start.GetLine(),$opIz.start.GetColumn())}) (ALT (= opIz expr_arit) (= op IGUALIGUA) (= opDe expr_arit) {$p = expresion.NewOperacion($opIz.p,$op.text,$opDe.p,false,$opIz.start.GetLine(),$opIz.start.GetColumn())}) (ALT (= opIz expr_arit) (= op (SET OR AND)) (= opDe expr_arit) {$p = expresion.NewOperacion($opIz.p,$op.text,$opDe.p,false,$opIz.start.GetLine(),$opIz.start.GetColumn())}) (ALT (= op DIFERENTE) (= opDe expr_arit) {$p = expresion.NewOperacion(nil,$op.text,$opDe.p,false,$opDe.start.GetLine(),$opDe.start.GetColumn())}) (ALT (= opIz expr_arit) PUNTO (= op P_ABS) PARIZQ PARDER {$p = expresion.NewNativas($opIz.p,$op.text,$opIz.start.GetLine(),$opIz.start.GetColumn())}) (ALT (= opIz expr_arit) PUNTO (= op P_SQRT) PARIZQ PARDER {$p = expresion.NewNativas($opIz.p,$op.text,$opIz.start.GetLine(),$opIz.start.GetColumn())}) (ALT (= opIz expr_arit) PUNTO (= op P_TOSTRING) PARIZQ PARDER {$p = expresion.NewNativas($opIz.p,$op.text,$opIz.start.GetLine(),$opIz.start.GetColumn())}) (ALT (= opIz expr_arit) PUNTO (= op P_CLONE) PARIZQ PARDER {$p = expresion.NewNativas($opIz.p,$op.text,$opIz.start.GetLine(),$opIz.start.GetColumn())}) (ALT CORIZQ listValues CORDER { $p = expresion.NewArray($listValues.l) }) (ALT primitivo {$p = $primitivo.p}) (ALT PARIZQ expression PARDER {$p = $expression.p}))) (RULE listValues (returns *arrayList.List l) (BLOCK (ALT (= list listValues) ',' expression { 
                                        $list.l.Add($expression.p)
                                        $l = $list.l
                                    }) (ALT expression { 
                    $l = arrayList.New()
                    $l.Add($expression.p)
                }))) (RULE primitivo (returns interfaces.Expresion p) (BLOCK (ALT NUMBER {
            	num,err := strconv.Atoi($NUMBER.text)
                if err!= nil{
                    fmt.Println(err)
                }
                
            $p = expresion.NewPrimitivo (num,interfaces.INTEGER)
       }) (ALT SUB NUMBER {
            	num,err := strconv.Atoi($NUMBER.text)
                if err!= nil{
                    fmt.Println(err)
                }
                
            $p = expresion.NewPrimitivo (-num,interfaces.INTEGER)
       }) (ALT SUB DECIMAL {
            	num,err := strconv.ParseFloat($DECIMAL.text,64)
                if err!= nil{
                    fmt.Println(err)
                }
                 a := float64(num) 
            $p = expresion.NewPrimitivo (-a,interfaces.FLOAT)
       }) (ALT STRING { 
              
      str:= $STRING.text[1:len($STRING.text)-1]
     
      $p = expresion.NewPrimitivo(str,interfaces.STRING)}) (ALT DECIMAL {
            	num,err := strconv.ParseFloat($DECIMAL.text,64)
                if err!= nil{
                    fmt.Println(err)
                }
                 a := float64(num) 
            $p = expresion.NewPrimitivo (a,interfaces.FLOAT)
       }) (ALT DECIMAL P_AS P_I64 {
            	num,err := strconv.ParseFloat($DECIMAL.text,64)
                if err!= nil{
                    fmt.Println(err)
                }
            a := int(num)
            $p = expresion.NewPrimitivo (a,interfaces.INTEGER)
       }) (ALT NUMBER P_AS P_F64 {
           num,err := strconv.Atoi($NUMBER.text)
                if err!= nil{
                    fmt.Println(err)
                }
            a := float64(num)  
            $p = expresion.NewPrimitivo (a,interfaces.FLOAT)
       }) (ALT (= list listArray) { $p = $list.p}) (ALT P_TRUE {      
      $p = expresion.NewPrimitivo("true",interfaces.TRUE)}) (ALT P_FALSE {      
      $p = expresion.NewPrimitivo("false",interfaces.FALSE)}))) (RULE listArray (returns interfaces.Expresion p) (BLOCK (ALT (= list listArray) CORIZQ expression CORDER { $p = expresion.NewArrayAccess($list.p, $expression.p) }) (ALT ID { $p = expresion.NewCallVariable($ID.text)})))))
2022-03-22 19:16:55:521 left-recursion LogManager.java:25 expr_arit returns [interfaces.Expresion p]
    :   ( {} reservada=(P_F64<tokenIndex=503>|P_I64<tokenIndex=505>) DOSPUNTOS<tokenIndex=508> DOSPUNTOS<tokenIndex=510> op=(P_POW<tokenIndex=515>|P_POWF<tokenIndex=517>) PARIZQ<tokenIndex=520> opIz = expr_arit<tokenIndex=526> COMA<tokenIndex=528> opDe = expr_arit<tokenIndex=534> PARDER<tokenIndex=536>{$p = expresion.NewOperacion($opIz.p,$op.text,$opDe.p,false,$opIz.start.GetLine(),$opIz.start.GetColumn())} 
        | op=DIFERENTE<tokenIndex=619>  opDe = expr_arit<tokenIndex=625,p=8>  {$p = expresion.NewOperacion(nil,$op.text,$opDe.p,false,$opDe.start.GetLine(),$opDe.start.GetColumn())} 
        | CORIZQ<tokenIndex=711> listValues<tokenIndex=713> CORDER<tokenIndex=715> { $p = expresion.NewArray($listValues.l) } 
        | primitivo<tokenIndex=721> {$p = $primitivo.p} 
        | PARIZQ<tokenIndex=727> expression<tokenIndex=729> PARDER<tokenIndex=731> {$p = $expression.p} 
        )
        (
          {p.Precpred(p.GetParserRuleContext(), 14)}?<p=14> op=('*'<tokenIndex=461>|'/'<tokenIndex=463>) opDe = expr_arit<tokenIndex=470,p=15> {$p = expresion.NewOperacion($opIz.p,$op.text,$opDe.p,false,$opIz.start.GetLine(),$opIz.start.GetColumn())}
                  | {p.Precpred(p.GetParserRuleContext(), 13)}?<p=13> op=('+'<tokenIndex=485>|'-'<tokenIndex=487>) opDe = expr_arit<tokenIndex=494,p=14> {$p = expresion.NewOperacion($opIz.p,$op.text,$opDe.p,false,$opIz.start.GetLine(),$opIz.start.GetColumn())}
                  | {p.Precpred(p.GetParserRuleContext(), 11)}?<p=11> op=('<'<tokenIndex=550>|'<='<tokenIndex=552>|'>='<tokenIndex=554>|'>'<tokenIndex=556>|MODULO<tokenIndex=558>|DIFERENTEDE<tokenIndex=560>) opDe = expr_arit<tokenIndex=567,p=12> {$p = expresion.NewOperacion($opIz.p,$op.text,$opDe.p,false,$opIz.start.GetLine(),$opIz.start.GetColumn())}
                  | {p.Precpred(p.GetParserRuleContext(), 10)}?<p=10> op=IGUALIGUA<tokenIndex=581> opDe = expr_arit<tokenIndex=587,p=11>  {$p = expresion.NewOperacion($opIz.p,$op.text,$opDe.p,false,$opIz.start.GetLine(),$opIz.start.GetColumn())}
                  | {p.Precpred(p.GetParserRuleContext(), 9)}?<p=9> op=(OR<tokenIndex=602>|AND<tokenIndex=604>) opDe = expr_arit<tokenIndex=611,p=10>  {$p = expresion.NewOperacion($opIz.p,$op.text,$opDe.p,false,$opIz.start.GetLine(),$opIz.start.GetColumn())}
                  | {p.Precpred(p.GetParserRuleContext(), 7)}?<p=7> PUNTO<tokenIndex=637> op=P_ABS<tokenIndex=641> PARIZQ<tokenIndex=643> PARDER<tokenIndex=645> {$p = expresion.NewNativas($opIz.p,$op.text,$opIz.start.GetLine(),$opIz.start.GetColumn())}
                  | {p.Precpred(p.GetParserRuleContext(), 6)}?<p=6> PUNTO<tokenIndex=657> op=P_SQRT<tokenIndex=661> PARIZQ<tokenIndex=663> PARDER<tokenIndex=665> {$p = expresion.NewNativas($opIz.p,$op.text,$opIz.start.GetLine(),$opIz.start.GetColumn())}
                  | {p.Precpred(p.GetParserRuleContext(), 5)}?<p=5> PUNTO<tokenIndex=677> op=P_TOSTRING<tokenIndex=681> PARIZQ<tokenIndex=683> PARDER<tokenIndex=685> {$p = expresion.NewNativas($opIz.p,$op.text,$opIz.start.GetLine(),$opIz.start.GetColumn())}
                  | {p.Precpred(p.GetParserRuleContext(), 4)}?<p=4> PUNTO<tokenIndex=697> op=P_CLONE<tokenIndex=701> PARIZQ<tokenIndex=703> PARDER<tokenIndex=705> {$p = expresion.NewNativas($opIz.p,$op.text,$opIz.start.GetLine(),$opIz.start.GetColumn())}
        )*
    ;
2022-03-22 19:16:55:528 grammar LogManager.java:25 added: (RULE expr_arit (returns interfaces.Expresion p) (BLOCK (ALT (BLOCK (ALT {} (= reservada (SET (P_F64 (ELEMENT_OPTIONS (= tokenIndex 503))) (P_I64 (ELEMENT_OPTIONS (= tokenIndex 505))))) (DOSPUNTOS (ELEMENT_OPTIONS (= tokenIndex 508))) (DOSPUNTOS (ELEMENT_OPTIONS (= tokenIndex 510))) (= op (SET (P_POW (ELEMENT_OPTIONS (= tokenIndex 515))) (P_POWF (ELEMENT_OPTIONS (= tokenIndex 517))))) (PARIZQ (ELEMENT_OPTIONS (= tokenIndex 520))) (= opIz (expr_arit (ELEMENT_OPTIONS (= tokenIndex 526)))) (COMA (ELEMENT_OPTIONS (= tokenIndex 528))) (= opDe (expr_arit (ELEMENT_OPTIONS (= tokenIndex 534)))) (PARDER (ELEMENT_OPTIONS (= tokenIndex 536))) {$p = expresion.NewOperacion($opIz.p,$op.text,$opDe.p,false,$opIz.start.GetLine(),$opIz.start.GetColumn())}) (ALT (= op (DIFERENTE (ELEMENT_OPTIONS (= tokenIndex 619)))) (= opDe (expr_arit (ELEMENT_OPTIONS (= tokenIndex 625) (= p 8)))) {$p = expresion.NewOperacion(nil,$op.text,$opDe.p,false,$opDe.start.GetLine(),$opDe.start.GetColumn())}) (ALT (CORIZQ (ELEMENT_OPTIONS (= tokenIndex 711))) (listValues (ELEMENT_OPTIONS (= tokenIndex 713))) (CORDER (ELEMENT_OPTIONS (= tokenIndex 715))) { $p = expresion.NewArray($listValues.l) }) (ALT (primitivo (ELEMENT_OPTIONS (= tokenIndex 721))) {$p = $primitivo.p}) (ALT (PARIZQ (ELEMENT_OPTIONS (= tokenIndex 727))) (expression (ELEMENT_OPTIONS (= tokenIndex 729))) (PARDER (ELEMENT_OPTIONS (= tokenIndex 731))) {$p = $expression.p})) (* (BLOCK (ALT ({p.Precpred(p.GetParserRuleContext(), 14)}? (ELEMENT_OPTIONS (= p 14))) (= op (SET ('*' (ELEMENT_OPTIONS (= tokenIndex 461))) ('/' (ELEMENT_OPTIONS (= tokenIndex 463))))) (= opDe (expr_arit (ELEMENT_OPTIONS (= tokenIndex 470) (= p 15)))) {$p = expresion.NewOperacion($opIz.p,$op.text,$opDe.p,false,$opIz.start.GetLine(),$opIz.start.GetColumn())}) (ALT ({p.Precpred(p.GetParserRuleContext(), 13)}? (ELEMENT_OPTIONS (= p 13))) (= op (SET ('+' (ELEMENT_OPTIONS (= tokenIndex 485))) ('-' (ELEMENT_OPTIONS (= tokenIndex 487))))) (= opDe (expr_arit (ELEMENT_OPTIONS (= tokenIndex 494) (= p 14)))) {$p = expresion.NewOperacion($opIz.p,$op.text,$opDe.p,false,$opIz.start.GetLine(),$opIz.start.GetColumn())}) (ALT ({p.Precpred(p.GetParserRuleContext(), 11)}? (ELEMENT_OPTIONS (= p 11))) (= op (SET ('<' (ELEMENT_OPTIONS (= tokenIndex 550))) ('<=' (ELEMENT_OPTIONS (= tokenIndex 552))) ('>=' (ELEMENT_OPTIONS (= tokenIndex 554))) ('>' (ELEMENT_OPTIONS (= tokenIndex 556))) (MODULO (ELEMENT_OPTIONS (= tokenIndex 558))) (DIFERENTEDE (ELEMENT_OPTIONS (= tokenIndex 560))))) (= opDe (expr_arit (ELEMENT_OPTIONS (= tokenIndex 567) (= p 12)))) {$p = expresion.NewOperacion($opIz.p,$op.text,$opDe.p,false,$opIz.start.GetLine(),$opIz.start.GetColumn())}) (ALT ({p.Precpred(p.GetParserRuleContext(), 10)}? (ELEMENT_OPTIONS (= p 10))) (= op (IGUALIGUA (ELEMENT_OPTIONS (= tokenIndex 581)))) (= opDe (expr_arit (ELEMENT_OPTIONS (= tokenIndex 587) (= p 11)))) {$p = expresion.NewOperacion($opIz.p,$op.text,$opDe.p,false,$opIz.start.GetLine(),$opIz.start.GetColumn())}) (ALT ({p.Precpred(p.GetParserRuleContext(), 9)}? (ELEMENT_OPTIONS (= p 9))) (= op (SET (OR (ELEMENT_OPTIONS (= tokenIndex 602))) (AND (ELEMENT_OPTIONS (= tokenIndex 604))))) (= opDe (expr_arit (ELEMENT_OPTIONS (= tokenIndex 611) (= p 10)))) {$p = expresion.NewOperacion($opIz.p,$op.text,$opDe.p,false,$opIz.start.GetLine(),$opIz.start.GetColumn())}) (ALT ({p.Precpred(p.GetParserRuleContext(), 7)}? (ELEMENT_OPTIONS (= p 7))) (PUNTO (ELEMENT_OPTIONS (= tokenIndex 637))) (= op (P_ABS (ELEMENT_OPTIONS (= tokenIndex 641)))) (PARIZQ (ELEMENT_OPTIONS (= tokenIndex 643))) (PARDER (ELEMENT_OPTIONS (= tokenIndex 645))) {$p = expresion.NewNativas($opIz.p,$op.text,$opIz.start.GetLine(),$opIz.start.GetColumn())}) (ALT ({p.Precpred(p.GetParserRuleContext(), 6)}? (ELEMENT_OPTIONS (= p 6))) (PUNTO (ELEMENT_OPTIONS (= tokenIndex 657))) (= op (P_SQRT (ELEMENT_OPTIONS (= tokenIndex 661)))) (PARIZQ (ELEMENT_OPTIONS (= tokenIndex 663))) (PARDER (ELEMENT_OPTIONS (= tokenIndex 665))) {$p = expresion.NewNativas($opIz.p,$op.text,$opIz.start.GetLine(),$opIz.start.GetColumn())}) (ALT ({p.Precpred(p.GetParserRuleContext(), 5)}? (ELEMENT_OPTIONS (= p 5))) (PUNTO (ELEMENT_OPTIONS (= tokenIndex 677))) (= op (P_TOSTRING (ELEMENT_OPTIONS (= tokenIndex 681)))) (PARIZQ (ELEMENT_OPTIONS (= tokenIndex 683))) (PARDER (ELEMENT_OPTIONS (= tokenIndex 685))) {$p = expresion.NewNativas($opIz.p,$op.text,$opIz.start.GetLine(),$opIz.start.GetColumn())}) (ALT ({p.Precpred(p.GetParserRuleContext(), 4)}? (ELEMENT_OPTIONS (= p 4))) (PUNTO (ELEMENT_OPTIONS (= tokenIndex 697))) (= op (P_CLONE (ELEMENT_OPTIONS (= tokenIndex 701)))) (PARIZQ (ELEMENT_OPTIONS (= tokenIndex 703))) (PARDER (ELEMENT_OPTIONS (= tokenIndex 705))) {$p = expresion.NewNativas($opIz.p,$op.text,$opIz.start.GetLine(),$opIz.start.GetColumn())}))))))
2022-03-22 19:16:55:564 left-recursion LogManager.java:25 listValues returns [*arrayList.List l]
    :   ( {} expression<tokenIndex=756> { 
                    $l = arrayList.New()
                    $l.Add($expression.p)
                } 
        )
        (
          {p.Precpred(p.GetParserRuleContext(), 2)}?<p=2> ','<tokenIndex=748> expression<tokenIndex=750> { 
                                                  $list.l.Add($expression.p)
                                                  $l = $list.l
                                              }
        )*
    ;
2022-03-22 19:16:55:564 grammar LogManager.java:25 added: (RULE listValues (returns *arrayList.List l) (BLOCK (ALT (BLOCK (ALT {} (expression (ELEMENT_OPTIONS (= tokenIndex 756))) { 
                    $l = arrayList.New()
                    $l.Add($expression.p)
                })) (* (BLOCK (ALT ({p.Precpred(p.GetParserRuleContext(), 2)}? (ELEMENT_OPTIONS (= p 2))) (',' (ELEMENT_OPTIONS (= tokenIndex 748))) (expression (ELEMENT_OPTIONS (= tokenIndex 750))) { 
                                                  $list.l.Add($expression.p)
                                                  $l = $list.l
                                              }))))))
2022-03-22 19:16:55:590 left-recursion LogManager.java:25 listArray returns [interfaces.Expresion p]
    :   ( {} ID<tokenIndex=859> { $p = expresion.NewCallVariable($ID.text)} 
        )
        (
          {p.Precpred(p.GetParserRuleContext(), 2)}?<p=2> CORIZQ<tokenIndex=849> expression<tokenIndex=851> CORDER<tokenIndex=853> { $p = expresion.NewArrayAccess($list.p, $expression.p) }
        )*
    ;
2022-03-22 19:16:55:591 grammar LogManager.java:25 added: (RULE listArray (returns interfaces.Expresion p) (BLOCK (ALT (BLOCK (ALT {} (ID (ELEMENT_OPTIONS (= tokenIndex 859))) { $p = expresion.NewCallVariable($ID.text)})) (* (BLOCK (ALT ({p.Precpred(p.GetParserRuleContext(), 2)}? (ELEMENT_OPTIONS (= p 2))) (CORIZQ (ELEMENT_OPTIONS (= tokenIndex 849))) (expression (ELEMENT_OPTIONS (= tokenIndex 851))) (CORDER (ELEMENT_OPTIONS (= tokenIndex 853))) { $p = expresion.NewArrayAccess($list.p, $expression.p) }))))))
2022-03-22 19:16:55:604 grammar LogManager.java:25 import PRINTLN=1
2022-03-22 19:16:55:604 grammar LogManager.java:25 import PRINT=2
2022-03-22 19:16:55:604 grammar LogManager.java:25 import P_NUMBER=3
2022-03-22 19:16:55:604 grammar LogManager.java:25 import P_STRING=4
2022-03-22 19:16:55:605 grammar LogManager.java:25 import P_STRING2=5
2022-03-22 19:16:55:605 grammar LogManager.java:25 import P_IF=6
2022-03-22 19:16:55:605 grammar LogManager.java:25 import P_ELSE=7
2022-03-22 19:16:55:605 grammar LogManager.java:25 import P_WHILE=8
2022-03-22 19:16:55:605 grammar LogManager.java:25 import P_POW=9
2022-03-22 19:16:55:605 grammar LogManager.java:25 import P_POWF=10
2022-03-22 19:16:55:605 grammar LogManager.java:25 import P_I64=11
2022-03-22 19:16:55:605 grammar LogManager.java:25 import P_F64=12
2022-03-22 19:16:55:605 grammar LogManager.java:25 import P_LET=13
2022-03-22 19:16:55:605 grammar LogManager.java:25 import P_MUT=14
2022-03-22 19:16:55:605 grammar LogManager.java:25 import P_AS=15
2022-03-22 19:16:55:605 grammar LogManager.java:25 import P_TRUE=16
2022-03-22 19:16:55:605 grammar LogManager.java:25 import P_FALSE=17
2022-03-22 19:16:55:605 grammar LogManager.java:25 import P_MATCH=18
2022-03-22 19:16:55:605 grammar LogManager.java:25 import P_LOOP=19
2022-03-22 19:16:55:605 grammar LogManager.java:25 import P_ABS=20
2022-03-22 19:16:55:605 grammar LogManager.java:25 import P_SQRT=21
2022-03-22 19:16:55:605 grammar LogManager.java:25 import P_TOSTRING=22
2022-03-22 19:16:55:605 grammar LogManager.java:25 import P_CLONE=23
2022-03-22 19:16:55:605 grammar LogManager.java:25 import P_FOR=24
2022-03-22 19:16:55:605 grammar LogManager.java:25 import P_IN=25
2022-03-22 19:16:55:605 grammar LogManager.java:25 import P_BREAK=26
2022-03-22 19:16:55:605 grammar LogManager.java:25 import P_CONTINUE=27
2022-03-22 19:16:55:605 grammar LogManager.java:25 import NUMBER=28
2022-03-22 19:16:55:605 grammar LogManager.java:25 import DECIMAL=29
2022-03-22 19:16:55:605 grammar LogManager.java:25 import STRING=30
2022-03-22 19:16:55:605 grammar LogManager.java:25 import ID=31
2022-03-22 19:16:55:605 grammar LogManager.java:25 import PUNTO=32
2022-03-22 19:16:55:605 grammar LogManager.java:25 import PTCOMA=33
2022-03-22 19:16:55:605 grammar LogManager.java:25 import COMA=34
2022-03-22 19:16:55:605 grammar LogManager.java:25 import DOSPUNTOS=35
2022-03-22 19:16:55:605 grammar LogManager.java:25 import DIFERENTE=36
2022-03-22 19:16:55:605 grammar LogManager.java:25 import DIFERENTEDE=37
2022-03-22 19:16:55:605 grammar LogManager.java:25 import IGUAL=38
2022-03-22 19:16:55:605 grammar LogManager.java:25 import IGUALIGUA=39
2022-03-22 19:16:55:605 grammar LogManager.java:25 import MAYORIGUAL=40
2022-03-22 19:16:55:605 grammar LogManager.java:25 import MENORIGUAL=41
2022-03-22 19:16:55:605 grammar LogManager.java:25 import MAYOR=42
2022-03-22 19:16:55:605 grammar LogManager.java:25 import MENOR=43
2022-03-22 19:16:55:605 grammar LogManager.java:25 import MUL=44
2022-03-22 19:16:55:605 grammar LogManager.java:25 import DIV=45
2022-03-22 19:16:55:605 grammar LogManager.java:25 import MODULO=46
2022-03-22 19:16:55:605 grammar LogManager.java:25 import ADD=47
2022-03-22 19:16:55:605 grammar LogManager.java:25 import SUB=48
2022-03-22 19:16:55:605 grammar LogManager.java:25 import PARIZQ=49
2022-03-22 19:16:55:605 grammar LogManager.java:25 import PARDER=50
2022-03-22 19:16:55:605 grammar LogManager.java:25 import LLAVEIZQ=51
2022-03-22 19:16:55:605 grammar LogManager.java:25 import LLAVEDER=52
2022-03-22 19:16:55:605 grammar LogManager.java:25 import CORIZQ=53
2022-03-22 19:16:55:605 grammar LogManager.java:25 import CORDER=54
2022-03-22 19:16:55:605 grammar LogManager.java:25 import OR=55
2022-03-22 19:16:55:605 grammar LogManager.java:25 import AND=56
2022-03-22 19:16:55:605 grammar LogManager.java:25 import MULTICOMENT=57
2022-03-22 19:16:55:605 grammar LogManager.java:25 import WHITESPACE=58
2022-03-22 19:16:55:605 grammar LogManager.java:25 import 'println'=1
2022-03-22 19:16:55:605 grammar LogManager.java:25 import 'print'=2
2022-03-22 19:16:55:605 grammar LogManager.java:25 import 'number'=3
2022-03-22 19:16:55:605 grammar LogManager.java:25 import 'string'=4
2022-03-22 19:16:55:605 grammar LogManager.java:25 import '&str'=5
2022-03-22 19:16:55:605 grammar LogManager.java:25 import 'if'=6
2022-03-22 19:16:55:605 grammar LogManager.java:25 import 'else'=7
2022-03-22 19:16:55:605 grammar LogManager.java:25 import 'while'=8
2022-03-22 19:16:55:605 grammar LogManager.java:25 import 'pow'=9
2022-03-22 19:16:55:605 grammar LogManager.java:25 import 'powf'=10
2022-03-22 19:16:55:605 grammar LogManager.java:25 import 'i64'=11
2022-03-22 19:16:55:605 grammar LogManager.java:25 import 'f64'=12
2022-03-22 19:16:55:605 grammar LogManager.java:25 import 'let'=13
2022-03-22 19:16:55:605 grammar LogManager.java:25 import 'mut'=14
2022-03-22 19:16:55:605 grammar LogManager.java:25 import 'as'=15
2022-03-22 19:16:55:605 grammar LogManager.java:25 import 'true'=16
2022-03-22 19:16:55:605 grammar LogManager.java:25 import 'false'=17
2022-03-22 19:16:55:605 grammar LogManager.java:25 import 'match'=18
2022-03-22 19:16:55:605 grammar LogManager.java:25 import 'loop'=19
2022-03-22 19:16:55:605 grammar LogManager.java:25 import 'abs'=20
2022-03-22 19:16:55:606 grammar LogManager.java:25 import 'sqrt'=21
2022-03-22 19:16:55:606 grammar LogManager.java:25 import 'to_string'=22
2022-03-22 19:16:55:606 grammar LogManager.java:25 import 'clone'=23
2022-03-22 19:16:55:606 grammar LogManager.java:25 import 'for'=24
2022-03-22 19:16:55:606 grammar LogManager.java:25 import 'in'=25
2022-03-22 19:16:55:606 grammar LogManager.java:25 import 'break'=26
2022-03-22 19:16:55:606 grammar LogManager.java:25 import 'continue'=27
2022-03-22 19:16:55:606 grammar LogManager.java:25 import '.'=32
2022-03-22 19:16:55:606 grammar LogManager.java:25 import ';'=33
2022-03-22 19:16:55:606 grammar LogManager.java:25 import ','=34
2022-03-22 19:16:55:606 grammar LogManager.java:25 import ':'=35
2022-03-22 19:16:55:606 grammar LogManager.java:25 import '!'=36
2022-03-22 19:16:55:606 grammar LogManager.java:25 import '!='=37
2022-03-22 19:16:55:606 grammar LogManager.java:25 import '='=38
2022-03-22 19:16:55:606 grammar LogManager.java:25 import '=='=39
2022-03-22 19:16:55:606 grammar LogManager.java:25 import '>='=40
2022-03-22 19:16:55:606 grammar LogManager.java:25 import '<='=41
2022-03-22 19:16:55:606 grammar LogManager.java:25 import '>'=42
2022-03-22 19:16:55:606 grammar LogManager.java:25 import '<'=43
2022-03-22 19:16:55:606 grammar LogManager.java:25 import '*'=44
2022-03-22 19:16:55:606 grammar LogManager.java:25 import '/'=45
2022-03-22 19:16:55:606 grammar LogManager.java:25 import '%'=46
2022-03-22 19:16:55:606 grammar LogManager.java:25 import '+'=47
2022-03-22 19:16:55:606 grammar LogManager.java:25 import '-'=48
2022-03-22 19:16:55:606 grammar LogManager.java:25 import '('=49
2022-03-22 19:16:55:606 grammar LogManager.java:25 import ')'=50
2022-03-22 19:16:55:606 grammar LogManager.java:25 import '{'=51
2022-03-22 19:16:55:606 grammar LogManager.java:25 import '}'=52
2022-03-22 19:16:55:606 grammar LogManager.java:25 import '['=53
2022-03-22 19:16:55:606 grammar LogManager.java:25 import ']'=54
2022-03-22 19:16:55:606 grammar LogManager.java:25 import '||'=55
2022-03-22 19:16:55:606 grammar LogManager.java:25 import '&&'=56
2022-03-22 19:16:55:606 grammar LogManager.java:25 tokens={PRINTLN=1, PRINT=2, P_NUMBER=3, P_STRING=4, P_STRING2=5, P_IF=6, P_ELSE=7, P_WHILE=8, P_POW=9, P_POWF=10, P_I64=11, P_F64=12, P_LET=13, P_MUT=14, P_AS=15, P_TRUE=16, P_FALSE=17, P_MATCH=18, P_LOOP=19, P_ABS=20, P_SQRT=21, P_TOSTRING=22, P_CLONE=23, P_FOR=24, P_IN=25, P_BREAK=26, P_CONTINUE=27, NUMBER=28, DECIMAL=29, STRING=30, ID=31, PUNTO=32, PTCOMA=33, COMA=34, DOSPUNTOS=35, DIFERENTE=36, DIFERENTEDE=37, IGUAL=38, IGUALIGUA=39, MAYORIGUAL=40, MENORIGUAL=41, MAYOR=42, MENOR=43, MUL=44, DIV=45, MODULO=46, ADD=47, SUB=48, PARIZQ=49, PARDER=50, LLAVEIZQ=51, LLAVEDER=52, CORIZQ=53, CORDER=54, OR=55, AND=56, MULTICOMENT=57, WHITESPACE=58, 'println'=1, 'print'=2, 'number'=3, 'string'=4, '&str'=5, 'if'=6, 'else'=7, 'while'=8, 'pow'=9, 'powf'=10, 'i64'=11, 'f64'=12, 'let'=13, 'mut'=14, 'as'=15, 'true'=16, 'false'=17, 'match'=18, 'loop'=19, 'abs'=20, 'sqrt'=21, 'to_string'=22, 'clone'=23, 'for'=24, 'in'=25, 'break'=26, 'continue'=27, '.'=32, ';'=33, ','=34, ':'=35, '!'=36, '!='=37, '='=38, '=='=39, '>='=40, '<='=41, '>'=42, '<'=43, '*'=44, '/'=45, '%'=46, '+'=47, '-'=48, '('=49, ')'=50, '{'=51, '}'=52, '['=53, ']'=54, '||'=55, '&&'=56}
2022-03-22 19:16:55:606 semantics LogManager.java:25 tokens={EOF=-1, PRINTLN=1, PRINT=2, P_NUMBER=3, P_STRING=4, P_STRING2=5, P_IF=6, P_ELSE=7, P_WHILE=8, P_POW=9, P_POWF=10, P_I64=11, P_F64=12, P_LET=13, P_MUT=14, P_AS=15, P_TRUE=16, P_FALSE=17, P_MATCH=18, P_LOOP=19, P_ABS=20, P_SQRT=21, P_TOSTRING=22, P_CLONE=23, P_FOR=24, P_IN=25, P_BREAK=26, P_CONTINUE=27, NUMBER=28, DECIMAL=29, STRING=30, ID=31, PUNTO=32, PTCOMA=33, COMA=34, DOSPUNTOS=35, DIFERENTE=36, DIFERENTEDE=37, IGUAL=38, IGUALIGUA=39, MAYORIGUAL=40, MENORIGUAL=41, MAYOR=42, MENOR=43, MUL=44, DIV=45, MODULO=46, ADD=47, SUB=48, PARIZQ=49, PARDER=50, LLAVEIZQ=51, LLAVEDER=52, CORIZQ=53, CORDER=54, OR=55, AND=56, MULTICOMENT=57, WHITESPACE=58}
2022-03-22 19:16:55:606 semantics LogManager.java:25 strings={'println'=1, 'print'=2, 'number'=3, 'string'=4, '&str'=5, 'if'=6, 'else'=7, 'while'=8, 'pow'=9, 'powf'=10, 'i64'=11, 'f64'=12, 'let'=13, 'mut'=14, 'as'=15, 'true'=16, 'false'=17, 'match'=18, 'loop'=19, 'abs'=20, 'sqrt'=21, 'to_string'=22, 'clone'=23, 'for'=24, 'in'=25, 'break'=26, 'continue'=27, '.'=32, ';'=33, ','=34, ':'=35, '!'=36, '!='=37, '='=38, '=='=39, '>='=40, '<='=41, '>'=42, '<'=43, '*'=44, '/'=45, '%'=46, '+'=47, '-'=48, '('=49, ')'=50, '{'=51, '}'=52, '['=53, ']'=54, '||'=55, '&&'=56}
2022-03-22 19:16:55:641 LL1 LogManager.java:25 
DECISION 0 in rule instrucciones
2022-03-22 19:16:55:641 LL1 LogManager.java:25 look=[{1..2, 6, 8, 13, 19, 24, 26..27, 31}, {<EOF>, 52}]
2022-03-22 19:16:55:641 LL1 LogManager.java:25 LL(1)? true
2022-03-22 19:16:55:641 LL1 LogManager.java:25 
DECISION 1 in rule instruccion
2022-03-22 19:16:55:641 LL1 LogManager.java:25 look=[1, 2, 13, 13, 13, 31, 6, 6, 6, 8, 19, 24, 26, 27]
2022-03-22 19:16:55:641 LL1 LogManager.java:25 LL(1)? false
2022-03-22 19:16:55:641 LL1 LogManager.java:25 
DECISION 2 in rule listaelseif
2022-03-22 19:16:55:641 LL1 LogManager.java:25 look=[7, 7]
2022-03-22 19:16:55:641 LL1 LogManager.java:25 LL(1)? false
2022-03-22 19:16:55:641 LL1 LogManager.java:25 
DECISION 3 in rule tipo
2022-03-22 19:16:55:641 LL1 LogManager.java:25 look=[12, 11, 4, 5]
2022-03-22 19:16:55:641 LL1 LogManager.java:25 LL(1)? true
2022-03-22 19:16:55:641 LL1 LogManager.java:25 
DECISION 4 in rule mut
2022-03-22 19:16:55:641 LL1 LogManager.java:25 look=[14, {31, 53}]
2022-03-22 19:16:55:641 LL1 LogManager.java:25 LL(1)? true
2022-03-22 19:16:55:641 LL1 LogManager.java:25 
DECISION 5 in rule array_st
2022-03-22 19:16:55:641 LL1 LogManager.java:25 look=[53, 31]
2022-03-22 19:16:55:641 LL1 LogManager.java:25 LL(1)? true
2022-03-22 19:16:55:641 LL1 LogManager.java:25 
DECISION 6 in rule expr_arit
2022-03-22 19:16:55:641 LL1 LogManager.java:25 look=[{11..12}, 36, 53, {16..17, 28..31, 48}, 49]
2022-03-22 19:16:55:641 LL1 LogManager.java:25 LL(1)? true
2022-03-22 19:16:55:641 LL1 LogManager.java:25 
DECISION 7 in rule expr_arit
2022-03-22 19:16:55:641 LL1 LogManager.java:25 look=[null, null, null, null, null, null, null, null, null]
2022-03-22 19:16:55:641 LL1 LogManager.java:25 LL(1)? false
2022-03-22 19:16:55:641 LL1 LogManager.java:25 
DECISION 8 in rule expr_arit
2022-03-22 19:16:55:641 LL1 LogManager.java:25 look=[null, null]
2022-03-22 19:16:55:641 LL1 LogManager.java:25 LL(1)? false
2022-03-22 19:16:55:641 LL1 LogManager.java:25 
DECISION 9 in rule listValues
2022-03-22 19:16:55:641 LL1 LogManager.java:25 look=[null, 54]
2022-03-22 19:16:55:641 LL1 LogManager.java:25 LL(1)? false
2022-03-22 19:16:55:641 LL1 LogManager.java:25 
DECISION 10 in rule primitivo
2022-03-22 19:16:55:641 LL1 LogManager.java:25 look=[28, 48, 48, 30, 29, 29, 28, 31, 16, 17]
2022-03-22 19:16:55:641 LL1 LogManager.java:25 LL(1)? false
2022-03-22 19:16:55:641 LL1 LogManager.java:25 
DECISION 11 in rule listArray
2022-03-22 19:16:55:641 LL1 LogManager.java:25 look=[null, null]
2022-03-22 19:16:55:641 LL1 LogManager.java:25 LL(1)? false
2022-03-22 19:16:55:657 action-translator LogManager.java:25 translate 
    import "proyecto1/interfaces"
    import "proyecto1/expresion"
    import "proyecto1/instruction"
    import arrayList "github.com/colegno/arraylist"


2022-03-22 19:16:55:688 action-translator LogManager.java:25 translate $lista = $instrucciones.l
2022-03-22 19:16:55:688 action-translator LogManager.java:25 attr [@-1,1:5='lista',<0>,18:19]
2022-03-22 19:16:55:689 action-translator LogManager.java:25 qattr [@-1,10:22='instrucciones',<0>,18:28].[@-1,24:24='l',<0>,18:42]
2022-03-22 19:16:55:690 action-translator LogManager.java:25 translate 
    $l =  arrayList.New()
  
2022-03-22 19:16:55:690 action-translator LogManager.java:25 attr [@-1,7:7='l',<0>,23:5]
2022-03-22 19:16:55:691 action-translator LogManager.java:25 translate 
      listInt := localctx.(*InstruccionesContext).GetE()
      		for _, e := range listInt {
            $l.Add(e.GetInstr())
          }
    
2022-03-22 19:16:55:691 action-translator LogManager.java:25 attr [@-1,110:110='l',<0>,28:13]
2022-03-22 19:16:55:695 action-translator LogManager.java:25 translate $instr = instruction.NewImprimir($expression.p,false)
2022-03-22 19:16:55:695 action-translator LogManager.java:25 attr [@-1,1:5='instr',<0>,35:52]
2022-03-22 19:16:55:695 action-translator LogManager.java:25 qattr [@-1,34:43='expression',<0>,35:85].[@-1,45:45='p',<0>,35:96]
2022-03-22 19:16:55:695 action-translator LogManager.java:25 translate $instr = instruction.NewImprimir($expression.p,true)
2022-03-22 19:16:55:695 action-translator LogManager.java:25 attr [@-1,1:5='instr',<0>,36:50]
2022-03-22 19:16:55:695 action-translator LogManager.java:25 qattr [@-1,34:43='expression',<0>,36:83].[@-1,45:45='p',<0>,36:94]
2022-03-22 19:16:55:695 action-translator LogManager.java:25 translate $instr = instruction.NewDeclaration($id.text,$isTipo.p,$expression.p, $isArray.arr,$muteable.arr,$expression.start.GetLine(),$expression.start.GetColumn(),0)	
2022-03-22 19:16:55:695 action-translator LogManager.java:25 attr [@-1,1:5='instr',<0>,37:89]
2022-03-22 19:16:55:695 action-translator LogManager.java:25 qattr [@-1,37:38='id',<0>,37:125].[@-1,40:43='text',<0>,37:128]
2022-03-22 19:16:55:695 action-translator LogManager.java:25 qattr [@-1,46:51='isTipo',<0>,37:134].[@-1,53:53='p',<0>,37:141]
2022-03-22 19:16:55:695 action-translator LogManager.java:25 qattr [@-1,56:65='expression',<0>,37:144].[@-1,67:67='p',<0>,37:155]
2022-03-22 19:16:55:695 action-translator LogManager.java:25 qattr [@-1,71:77='isArray',<0>,37:159].[@-1,79:81='arr',<0>,37:167]
2022-03-22 19:16:55:696 action-translator LogManager.java:25 qattr [@-1,84:91='muteable',<0>,37:172].[@-1,93:95='arr',<0>,37:181]
2022-03-22 19:16:55:696 action-translator LogManager.java:25 qattr [@-1,98:107='expression',<0>,37:186].[@-1,109:113='start',<0>,37:197]
2022-03-22 19:16:55:696 action-translator LogManager.java:25 qattr [@-1,126:135='expression',<0>,37:214].[@-1,137:141='start',<0>,37:225]
2022-03-22 19:16:55:696 action-translator LogManager.java:25 translate $instr = instruction.NewDeclaration($id.text,interfaces.NULL,$expression.p, $isArray.arr,$muteable.arr,$expression.start.GetLine(),$expression.start.GetColumn(),0)	
2022-03-22 19:16:55:696 action-translator LogManager.java:25 attr [@-1,1:5='instr',<0>,38:67]
2022-03-22 19:16:55:696 action-translator LogManager.java:25 qattr [@-1,37:38='id',<0>,38:103].[@-1,40:43='text',<0>,38:106]
2022-03-22 19:16:55:696 action-translator LogManager.java:25 qattr [@-1,62:71='expression',<0>,38:128].[@-1,73:73='p',<0>,38:139]
2022-03-22 19:16:55:696 action-translator LogManager.java:25 qattr [@-1,77:83='isArray',<0>,38:143].[@-1,85:87='arr',<0>,38:151]
2022-03-22 19:16:55:696 action-translator LogManager.java:25 qattr [@-1,90:97='muteable',<0>,38:156].[@-1,99:101='arr',<0>,38:165]
2022-03-22 19:16:55:696 action-translator LogManager.java:25 qattr [@-1,104:113='expression',<0>,38:170].[@-1,115:119='start',<0>,38:181]
2022-03-22 19:16:55:696 action-translator LogManager.java:25 qattr [@-1,132:141='expression',<0>,38:198].[@-1,143:147='start',<0>,38:209]
2022-03-22 19:16:55:696 action-translator LogManager.java:25 translate 	
      num,err := strconv.Atoi($NUMBER.text)
                if err!= nil{
                    fmt.Println(err)
                }
     $instr = instruction.NewDeclaration($id.text,$isTipo.p,$ex1.p, true,$muteable.arr,$ex1.start.GetLine(),$ex1.start.GetColumn(),num)	
2022-03-22 19:16:55:696 action-translator LogManager.java:25 qattr [@-1,34:39='NUMBER',<0>,40:31].[@-1,41:44='text',<0>,40:38]
2022-03-22 19:16:55:697 action-translator LogManager.java:25 attr [@-1,142:146='instr',<0>,44:6]
2022-03-22 19:16:55:697 action-translator LogManager.java:25 qattr [@-1,178:179='id',<0>,44:42].[@-1,181:184='text',<0>,44:45]
2022-03-22 19:16:55:697 action-translator LogManager.java:25 qattr [@-1,187:192='isTipo',<0>,44:51].[@-1,194:194='p',<0>,44:58]
2022-03-22 19:16:55:697 action-translator LogManager.java:25 qattr [@-1,197:199='ex1',<0>,44:61].[@-1,201:201='p',<0>,44:65]
2022-03-22 19:16:55:697 action-translator LogManager.java:25 qattr [@-1,210:217='muteable',<0>,44:74].[@-1,219:221='arr',<0>,44:83]
2022-03-22 19:16:55:697 action-translator LogManager.java:25 qattr [@-1,224:226='ex1',<0>,44:88].[@-1,228:232='start',<0>,44:92]
2022-03-22 19:16:55:697 action-translator LogManager.java:25 qattr [@-1,245:247='ex1',<0>,44:109].[@-1,249:253='start',<0>,44:113]
2022-03-22 19:16:55:697 action-translator LogManager.java:25 translate $instr = instruction.NewAssignment($id.text,$expression.p)
2022-03-22 19:16:55:697 action-translator LogManager.java:25 attr [@-1,1:5='instr',<0>,45:29]
2022-03-22 19:16:55:697 action-translator LogManager.java:25 qattr [@-1,36:37='id',<0>,45:64].[@-1,39:42='text',<0>,45:67]
2022-03-22 19:16:55:697 action-translator LogManager.java:25 qattr [@-1,45:54='expression',<0>,45:73].[@-1,56:56='p',<0>,45:84]
2022-03-22 19:16:55:697 action-translator LogManager.java:25 translate $instr = instruction.NewIf($expression.p, $instrucciones.l,nil,nil)
2022-03-22 19:16:55:697 action-translator LogManager.java:25 attr [@-1,1:5='instr',<0>,46:54]
2022-03-22 19:16:55:697 action-translator LogManager.java:25 qattr [@-1,28:37='expression',<0>,46:81].[@-1,39:39='p',<0>,46:92]
2022-03-22 19:16:55:697 action-translator LogManager.java:25 qattr [@-1,43:55='instrucciones',<0>,46:96].[@-1,57:57='l',<0>,46:110]
2022-03-22 19:16:55:698 action-translator LogManager.java:25 translate $instr = instruction.NewIf($expression.p, $i1.l,nil,$i2.l)
2022-03-22 19:16:55:698 action-translator LogManager.java:25 attr [@-1,1:5='instr',<0>,47:98]
2022-03-22 19:16:55:698 action-translator LogManager.java:25 qattr [@-1,28:37='expression',<0>,47:125].[@-1,39:39='p',<0>,47:136]
2022-03-22 19:16:55:698 action-translator LogManager.java:25 qattr [@-1,43:44='i1',<0>,47:140].[@-1,46:46='l',<0>,47:143]
2022-03-22 19:16:55:698 action-translator LogManager.java:25 qattr [@-1,53:54='i2',<0>,47:150].[@-1,56:56='l',<0>,47:153]
2022-03-22 19:16:55:698 action-translator LogManager.java:25 translate $instr = instruction.NewIf($expression.p, $i1.l,$d2.lista,$i2.l)
2022-03-22 19:16:55:698 action-translator LogManager.java:25 attr [@-1,1:5='instr',<0>,48:114]
2022-03-22 19:16:55:698 action-translator LogManager.java:25 qattr [@-1,28:37='expression',<0>,48:141].[@-1,39:39='p',<0>,48:152]
2022-03-22 19:16:55:698 action-translator LogManager.java:25 qattr [@-1,43:44='i1',<0>,48:156].[@-1,46:46='l',<0>,48:159]
2022-03-22 19:16:55:698 action-translator LogManager.java:25 qattr [@-1,49:50='d2',<0>,48:162].[@-1,52:56='lista',<0>,48:165]
2022-03-22 19:16:55:698 action-translator LogManager.java:25 qattr [@-1,59:60='i2',<0>,48:172].[@-1,62:62='l',<0>,48:175]
2022-03-22 19:16:55:698 action-translator LogManager.java:25 translate $instr = instruction.NewWhile($expression.p, $instrucciones.l)
2022-03-22 19:16:55:698 action-translator LogManager.java:25 attr [@-1,1:5='instr',<0>,49:57]
2022-03-22 19:16:55:698 action-translator LogManager.java:25 qattr [@-1,31:40='expression',<0>,49:87].[@-1,42:42='p',<0>,49:98]
2022-03-22 19:16:55:698 action-translator LogManager.java:25 qattr [@-1,46:58='instrucciones',<0>,49:102].[@-1,60:60='l',<0>,49:116]
2022-03-22 19:16:55:699 action-translator LogManager.java:25 translate $instr = instruction.NewLoop($instrucciones.l)
2022-03-22 19:16:55:699 action-translator LogManager.java:25 attr [@-1,1:5='instr',<0>,50:45]
2022-03-22 19:16:55:699 action-translator LogManager.java:25 qattr [@-1,30:42='instrucciones',<0>,50:74].[@-1,44:44='l',<0>,50:88]
2022-03-22 19:16:55:699 action-translator LogManager.java:25 translate $instr = instruction.NewForin($id.text,$f2.p,$instrucciones.l)
2022-03-22 19:16:55:699 action-translator LogManager.java:25 attr [@-1,1:5='instr',<0>,51:70]
2022-03-22 19:16:55:699 action-translator LogManager.java:25 qattr [@-1,31:32='id',<0>,51:100].[@-1,34:37='text',<0>,51:103]
2022-03-22 19:16:55:699 action-translator LogManager.java:25 qattr [@-1,40:41='f2',<0>,51:109].[@-1,43:43='p',<0>,51:112]
2022-03-22 19:16:55:699 action-translator LogManager.java:25 qattr [@-1,46:58='instrucciones',<0>,51:115].[@-1,60:60='l',<0>,51:129]
2022-03-22 19:16:55:699 action-translator LogManager.java:25 translate $instr = instruction.NewBreak(interfaces.BREAK,$P_BREAK.line,$P_BREAK.pos)
2022-03-22 19:16:55:699 action-translator LogManager.java:25 attr [@-1,1:5='instr',<0>,52:18]
2022-03-22 19:16:55:699 action-translator LogManager.java:25 qattr [@-1,48:54='P_BREAK',<0>,52:65].[@-1,56:59='line',<0>,52:73]
2022-03-22 19:16:55:699 action-translator LogManager.java:25 qattr [@-1,62:68='P_BREAK',<0>,52:79].[@-1,70:72='pos',<0>,52:87]
2022-03-22 19:16:55:699 action-translator LogManager.java:25 translate $instr = instruction.NewContinue(interfaces.CONTINUE,$P_CONTINUE.line,$P_CONTINUE.pos)
2022-03-22 19:16:55:699 action-translator LogManager.java:25 attr [@-1,1:5='instr',<0>,53:19]
2022-03-22 19:16:55:699 action-translator LogManager.java:25 qattr [@-1,54:63='P_CONTINUE',<0>,53:72].[@-1,65:68='line',<0>,53:83]
2022-03-22 19:16:55:699 action-translator LogManager.java:25 qattr [@-1,71:80='P_CONTINUE',<0>,53:89].[@-1,82:84='pos',<0>,53:100]
2022-03-22 19:16:55:700 action-translator LogManager.java:25 translate  $lista = arrayList.New()
2022-03-22 19:16:55:700 action-translator LogManager.java:25 attr [@-1,2:6='lista',<0>,56:7]
2022-03-22 19:16:55:700 action-translator LogManager.java:25 translate 
      listInt := localctx.(*ListaelseifContext).GetList()
                                                                            for _, e := range listInt {
                                                                                $lista.Add(e.GetInstr())
                                                                            }
    
2022-03-22 19:16:55:700 action-translator LogManager.java:25 attr [@-1,247:251='lista',<0>,60:81]
2022-03-22 19:16:55:700 action-translator LogManager.java:25 translate $instr = instruction.NewIf($expression.p, $instrucciones.l,nil,nil)
2022-03-22 19:16:55:700 action-translator LogManager.java:25 attr [@-1,1:5='instr',<0>,65:63]
2022-03-22 19:16:55:700 action-translator LogManager.java:25 qattr [@-1,28:37='expression',<0>,65:90].[@-1,39:39='p',<0>,65:101]
2022-03-22 19:16:55:700 action-translator LogManager.java:25 qattr [@-1,43:55='instrucciones',<0>,65:105].[@-1,57:57='l',<0>,65:119]
2022-03-22 19:16:55:701 action-translator LogManager.java:25 translate $p=interfaces.FLOAT
2022-03-22 19:16:55:701 action-translator LogManager.java:25 attr [@-1,1:1='p',<0>,69:7]
2022-03-22 19:16:55:701 action-translator LogManager.java:25 translate $p=interfaces.INTEGER
2022-03-22 19:16:55:701 action-translator LogManager.java:25 attr [@-1,1:1='p',<0>,70:7]
2022-03-22 19:16:55:701 action-translator LogManager.java:25 translate $p=interfaces.STRING
2022-03-22 19:16:55:701 action-translator LogManager.java:25 attr [@-1,1:1='p',<0>,71:10]
2022-03-22 19:16:55:701 action-translator LogManager.java:25 translate $p=interfaces.STRING
2022-03-22 19:16:55:701 action-translator LogManager.java:25 attr [@-1,1:1='p',<0>,72:11]
2022-03-22 19:16:55:702 action-translator LogManager.java:25 translate  $arr = true 
2022-03-22 19:16:55:702 action-translator LogManager.java:25 attr [@-1,2:4='arr',<0>,75:9]
2022-03-22 19:16:55:702 action-translator LogManager.java:25 translate  $arr = true 
2022-03-22 19:16:55:702 action-translator LogManager.java:25 attr [@-1,2:4='arr',<0>,80:21]
2022-03-22 19:16:55:702 action-translator LogManager.java:25 translate $p = $expr_arit.p
2022-03-22 19:16:55:702 action-translator LogManager.java:25 attr [@-1,1:1='p',<0>,85:20]
2022-03-22 19:16:55:702 action-translator LogManager.java:25 qattr [@-1,6:14='expr_arit',<0>,85:25].[@-1,16:16='p',<0>,85:35]
2022-03-22 19:16:55:703 action-translator LogManager.java:25 translate 
2022-03-22 19:16:55:704 action-translator LogManager.java:25 translate $p = expresion.NewOperacion($opIz.p,$op.text,$opDe.p,false,$opIz.start.GetLine(),$opIz.start.GetColumn())
2022-03-22 19:16:55:704 action-translator LogManager.java:25 attr [@-1,1:1='p',<0>,2:304]
2022-03-22 19:16:55:704 action-translator LogManager.java:25 qattr [@-1,29:32='opIz',<0>,2:332].[@-1,34:34='p',<0>,2:337]
2022-03-22 19:16:55:704 action-translator LogManager.java:25 qattr [@-1,37:38='op',<0>,2:340].[@-1,40:43='text',<0>,2:343]
2022-03-22 19:16:55:704 action-translator LogManager.java:25 qattr [@-1,46:49='opDe',<0>,2:349].[@-1,51:51='p',<0>,2:354]
2022-03-22 19:16:55:705 action-translator LogManager.java:25 qattr [@-1,60:63='opIz',<0>,2:363].[@-1,65:69='start',<0>,2:368]
2022-03-22 19:16:55:705 action-translator LogManager.java:25 qattr [@-1,82:85='opIz',<0>,2:385].[@-1,87:91='start',<0>,2:390]
2022-03-22 19:16:55:705 action-translator LogManager.java:25 translate $p = expresion.NewOperacion(nil,$op.text,$opDe.p,false,$opDe.start.GetLine(),$opDe.start.GetColumn())
2022-03-22 19:16:55:705 action-translator LogManager.java:25 attr [@-1,1:1='p',<0>,3:79]
2022-03-22 19:16:55:705 action-translator LogManager.java:25 qattr [@-1,33:34='op',<0>,3:111].[@-1,36:39='text',<0>,3:114]
2022-03-22 19:16:55:705 action-translator LogManager.java:25 qattr [@-1,42:45='opDe',<0>,3:120].[@-1,47:47='p',<0>,3:125]
2022-03-22 19:16:55:705 action-translator LogManager.java:25 qattr [@-1,56:59='opDe',<0>,3:134].[@-1,61:65='start',<0>,3:139]
2022-03-22 19:16:55:705 action-translator LogManager.java:25 qattr [@-1,78:81='opDe',<0>,3:156].[@-1,83:87='start',<0>,3:161]
2022-03-22 19:16:55:705 action-translator LogManager.java:25 translate  $p = expresion.NewArray($listValues.l) 
2022-03-22 19:16:55:705 action-translator LogManager.java:25 attr [@-1,2:2='p',<0>,4:85]
2022-03-22 19:16:55:705 action-translator LogManager.java:25 qattr [@-1,26:35='listValues',<0>,4:109].[@-1,37:37='l',<0>,4:120]
2022-03-22 19:16:55:705 action-translator LogManager.java:25 translate $p = $primitivo.p
2022-03-22 19:16:55:705 action-translator LogManager.java:25 attr [@-1,1:1='p',<0>,5:37]
2022-03-22 19:16:55:705 action-translator LogManager.java:25 qattr [@-1,6:14='primitivo',<0>,5:42].[@-1,16:16='p',<0>,5:52]
2022-03-22 19:16:55:705 action-translator LogManager.java:25 translate $p = $expression.p
2022-03-22 19:16:55:705 action-translator LogManager.java:25 attr [@-1,1:1='p',<0>,6:84]
2022-03-22 19:16:55:705 action-translator LogManager.java:25 qattr [@-1,6:15='expression',<0>,6:89].[@-1,17:17='p',<0>,6:100]
2022-03-22 19:16:55:705 action-translator LogManager.java:25 translate p.Precpred(p.GetParserRuleContext(), 14)
2022-03-22 19:16:55:706 action-translator LogManager.java:25 translate $p = expresion.NewOperacion($opIz.p,$op.text,$opDe.p,false,$opIz.start.GetLine(),$opIz.start.GetColumn())
2022-03-22 19:16:55:706 action-translator LogManager.java:25 attr [@-1,1:1='p',<0>,9:144]
2022-03-22 19:16:55:706 action-translator LogManager.java:25 qattr [@-1,29:32='opIz',<0>,9:172].[@-1,34:34='p',<0>,9:177]
2022-03-22 19:16:55:706 action-translator LogManager.java:25 qattr [@-1,37:38='op',<0>,9:180].[@-1,40:43='text',<0>,9:183]
2022-03-22 19:16:55:706 action-translator LogManager.java:25 qattr [@-1,46:49='opDe',<0>,9:189].[@-1,51:51='p',<0>,9:194]
2022-03-22 19:16:55:706 action-translator LogManager.java:25 qattr [@-1,60:63='opIz',<0>,9:203].[@-1,65:69='start',<0>,9:208]
2022-03-22 19:16:55:706 action-translator LogManager.java:25 qattr [@-1,82:85='opIz',<0>,9:225].[@-1,87:91='start',<0>,9:230]
2022-03-22 19:16:55:706 action-translator LogManager.java:25 translate p.Precpred(p.GetParserRuleContext(), 13)
2022-03-22 19:16:55:706 action-translator LogManager.java:25 translate $p = expresion.NewOperacion($opIz.p,$op.text,$opDe.p,false,$opIz.start.GetLine(),$opIz.start.GetColumn())
2022-03-22 19:16:55:706 action-translator LogManager.java:25 attr [@-1,1:1='p',<0>,10:154]
2022-03-22 19:16:55:706 action-translator LogManager.java:25 qattr [@-1,29:32='opIz',<0>,10:182].[@-1,34:34='p',<0>,10:187]
2022-03-22 19:16:55:706 action-translator LogManager.java:25 qattr [@-1,37:38='op',<0>,10:190].[@-1,40:43='text',<0>,10:193]
2022-03-22 19:16:55:706 action-translator LogManager.java:25 qattr [@-1,46:49='opDe',<0>,10:199].[@-1,51:51='p',<0>,10:204]
2022-03-22 19:16:55:706 action-translator LogManager.java:25 qattr [@-1,60:63='opIz',<0>,10:213].[@-1,65:69='start',<0>,10:218]
2022-03-22 19:16:55:706 action-translator LogManager.java:25 qattr [@-1,82:85='opIz',<0>,10:235].[@-1,87:91='start',<0>,10:240]
2022-03-22 19:16:55:706 action-translator LogManager.java:25 translate p.Precpred(p.GetParserRuleContext(), 11)
2022-03-22 19:16:55:707 action-translator LogManager.java:25 translate $p = expresion.NewOperacion($opIz.p,$op.text,$opDe.p,false,$opIz.start.GetLine(),$opIz.start.GetColumn())
2022-03-22 19:16:55:707 action-translator LogManager.java:25 attr [@-1,1:1='p',<0>,11:247]
2022-03-22 19:16:55:707 action-translator LogManager.java:25 qattr [@-1,29:32='opIz',<0>,11:275].[@-1,34:34='p',<0>,11:280]
2022-03-22 19:16:55:707 action-translator LogManager.java:25 qattr [@-1,37:38='op',<0>,11:283].[@-1,40:43='text',<0>,11:286]
2022-03-22 19:16:55:707 action-translator LogManager.java:25 qattr [@-1,46:49='opDe',<0>,11:292].[@-1,51:51='p',<0>,11:297]
2022-03-22 19:16:55:707 action-translator LogManager.java:25 qattr [@-1,60:63='opIz',<0>,11:306].[@-1,65:69='start',<0>,11:311]
2022-03-22 19:16:55:707 action-translator LogManager.java:25 qattr [@-1,82:85='opIz',<0>,11:328].[@-1,87:91='start',<0>,11:333]
2022-03-22 19:16:55:708 action-translator LogManager.java:25 translate p.Precpred(p.GetParserRuleContext(), 10)
2022-03-22 19:16:55:708 action-translator LogManager.java:25 translate $p = expresion.NewOperacion($opIz.p,$op.text,$opDe.p,false,$opIz.start.GetLine(),$opIz.start.GetColumn())
2022-03-22 19:16:55:708 action-translator LogManager.java:25 attr [@-1,1:1='p',<0>,12:139]
2022-03-22 19:16:55:708 action-translator LogManager.java:25 qattr [@-1,29:32='opIz',<0>,12:167].[@-1,34:34='p',<0>,12:172]
2022-03-22 19:16:55:708 action-translator LogManager.java:25 qattr [@-1,37:38='op',<0>,12:175].[@-1,40:43='text',<0>,12:178]
2022-03-22 19:16:55:708 action-translator LogManager.java:25 qattr [@-1,46:49='opDe',<0>,12:184].[@-1,51:51='p',<0>,12:189]
2022-03-22 19:16:55:708 action-translator LogManager.java:25 qattr [@-1,60:63='opIz',<0>,12:198].[@-1,65:69='start',<0>,12:203]
2022-03-22 19:16:55:708 action-translator LogManager.java:25 qattr [@-1,82:85='opIz',<0>,12:220].[@-1,87:91='start',<0>,12:225]
2022-03-22 19:16:55:709 action-translator LogManager.java:25 translate p.Precpred(p.GetParserRuleContext(), 9)
2022-03-22 19:16:55:709 action-translator LogManager.java:25 translate $p = expresion.NewOperacion($opIz.p,$op.text,$opDe.p,false,$opIz.start.GetLine(),$opIz.start.GetColumn())
2022-03-22 19:16:55:709 action-translator LogManager.java:25 attr [@-1,1:1='p',<0>,13:152]
2022-03-22 19:16:55:709 action-translator LogManager.java:25 qattr [@-1,29:32='opIz',<0>,13:180].[@-1,34:34='p',<0>,13:185]
2022-03-22 19:16:55:709 action-translator LogManager.java:25 qattr [@-1,37:38='op',<0>,13:188].[@-1,40:43='text',<0>,13:191]
2022-03-22 19:16:55:709 action-translator LogManager.java:25 qattr [@-1,46:49='opDe',<0>,13:197].[@-1,51:51='p',<0>,13:202]
2022-03-22 19:16:55:709 action-translator LogManager.java:25 qattr [@-1,60:63='opIz',<0>,13:211].[@-1,65:69='start',<0>,13:216]
2022-03-22 19:16:55:709 action-translator LogManager.java:25 qattr [@-1,82:85='opIz',<0>,13:233].[@-1,87:91='start',<0>,13:238]
2022-03-22 19:16:55:709 action-translator LogManager.java:25 translate p.Precpred(p.GetParserRuleContext(), 7)
2022-03-22 19:16:55:709 action-translator LogManager.java:25 translate $p = expresion.NewNativas($opIz.p,$op.text,$opIz.start.GetLine(),$opIz.start.GetColumn())
2022-03-22 19:16:55:709 action-translator LogManager.java:25 attr [@-1,1:1='p',<0>,14:162]
2022-03-22 19:16:55:709 action-translator LogManager.java:25 qattr [@-1,27:30='opIz',<0>,14:188].[@-1,32:32='p',<0>,14:193]
2022-03-22 19:16:55:709 action-translator LogManager.java:25 qattr [@-1,35:36='op',<0>,14:196].[@-1,38:41='text',<0>,14:199]
2022-03-22 19:16:55:709 action-translator LogManager.java:25 qattr [@-1,44:47='opIz',<0>,14:205].[@-1,49:53='start',<0>,14:210]
2022-03-22 19:16:55:709 action-translator LogManager.java:25 qattr [@-1,66:69='opIz',<0>,14:227].[@-1,71:75='start',<0>,14:232]
2022-03-22 19:16:55:709 action-translator LogManager.java:25 translate p.Precpred(p.GetParserRuleContext(), 6)
2022-03-22 19:16:55:710 action-translator LogManager.java:25 translate $p = expresion.NewNativas($opIz.p,$op.text,$opIz.start.GetLine(),$opIz.start.GetColumn())
2022-03-22 19:16:55:710 action-translator LogManager.java:25 attr [@-1,1:1='p',<0>,15:163]
2022-03-22 19:16:55:710 action-translator LogManager.java:25 qattr [@-1,27:30='opIz',<0>,15:189].[@-1,32:32='p',<0>,15:194]
2022-03-22 19:16:55:710 action-translator LogManager.java:25 qattr [@-1,35:36='op',<0>,15:197].[@-1,38:41='text',<0>,15:200]
2022-03-22 19:16:55:710 action-translator LogManager.java:25 qattr [@-1,44:47='opIz',<0>,15:206].[@-1,49:53='start',<0>,15:211]
2022-03-22 19:16:55:710 action-translator LogManager.java:25 qattr [@-1,66:69='opIz',<0>,15:228].[@-1,71:75='start',<0>,15:233]
2022-03-22 19:16:55:710 action-translator LogManager.java:25 translate p.Precpred(p.GetParserRuleContext(), 5)
2022-03-22 19:16:55:710 action-translator LogManager.java:25 translate $p = expresion.NewNativas($opIz.p,$op.text,$opIz.start.GetLine(),$opIz.start.GetColumn())
2022-03-22 19:16:55:710 action-translator LogManager.java:25 attr [@-1,1:1='p',<0>,16:167]
2022-03-22 19:16:55:710 action-translator LogManager.java:25 qattr [@-1,27:30='opIz',<0>,16:193].[@-1,32:32='p',<0>,16:198]
2022-03-22 19:16:55:710 action-translator LogManager.java:25 qattr [@-1,35:36='op',<0>,16:201].[@-1,38:41='text',<0>,16:204]
2022-03-22 19:16:55:710 action-translator LogManager.java:25 qattr [@-1,44:47='opIz',<0>,16:210].[@-1,49:53='start',<0>,16:215]
2022-03-22 19:16:55:710 action-translator LogManager.java:25 qattr [@-1,66:69='opIz',<0>,16:232].[@-1,71:75='start',<0>,16:237]
2022-03-22 19:16:55:710 action-translator LogManager.java:25 translate p.Precpred(p.GetParserRuleContext(), 4)
2022-03-22 19:16:55:710 action-translator LogManager.java:25 translate $p = expresion.NewNativas($opIz.p,$op.text,$opIz.start.GetLine(),$opIz.start.GetColumn())
2022-03-22 19:16:55:711 action-translator LogManager.java:25 attr [@-1,1:1='p',<0>,17:164]
2022-03-22 19:16:55:711 action-translator LogManager.java:25 qattr [@-1,27:30='opIz',<0>,17:190].[@-1,32:32='p',<0>,17:195]
2022-03-22 19:16:55:711 action-translator LogManager.java:25 qattr [@-1,35:36='op',<0>,17:198].[@-1,38:41='text',<0>,17:201]
2022-03-22 19:16:55:711 action-translator LogManager.java:25 qattr [@-1,44:47='opIz',<0>,17:207].[@-1,49:53='start',<0>,17:212]
2022-03-22 19:16:55:711 action-translator LogManager.java:25 qattr [@-1,66:69='opIz',<0>,17:229].[@-1,71:75='start',<0>,17:234]
2022-03-22 19:16:55:711 action-translator LogManager.java:25 translate p.Precpred(p.GetParserRuleContext(), 14)
2022-03-22 19:16:55:711 action-translator LogManager.java:25 translate p.Precpred(p.GetParserRuleContext(), 13)
2022-03-22 19:16:55:711 action-translator LogManager.java:25 translate p.Precpred(p.GetParserRuleContext(), 11)
2022-03-22 19:16:55:711 action-translator LogManager.java:25 translate p.Precpred(p.GetParserRuleContext(), 10)
2022-03-22 19:16:55:711 action-translator LogManager.java:25 translate p.Precpred(p.GetParserRuleContext(), 9)
2022-03-22 19:16:55:712 action-translator LogManager.java:25 translate p.Precpred(p.GetParserRuleContext(), 7)
2022-03-22 19:16:55:712 action-translator LogManager.java:25 translate p.Precpred(p.GetParserRuleContext(), 6)
2022-03-22 19:16:55:712 action-translator LogManager.java:25 translate p.Precpred(p.GetParserRuleContext(), 5)
2022-03-22 19:16:55:712 action-translator LogManager.java:25 translate p.Precpred(p.GetParserRuleContext(), 4)
2022-03-22 19:16:55:712 action-translator LogManager.java:25 translate 
2022-03-22 19:16:55:712 action-translator LogManager.java:25 translate  
                    $l = arrayList.New()
                    $l.Add($expression.p)
                
2022-03-22 19:16:55:712 action-translator LogManager.java:25 attr [@-1,24:24='l',<0>,3:21]
2022-03-22 19:16:55:712 action-translator LogManager.java:25 attr [@-1,66:66='l',<0>,4:21]
2022-03-22 19:16:55:712 action-translator LogManager.java:25 qattr [@-1,73:82='expression',<0>,4:28].[@-1,84:84='p',<0>,4:39]
2022-03-22 19:16:55:712 action-translator LogManager.java:25 translate p.Precpred(p.GetParserRuleContext(), 2)
2022-03-22 19:16:55:712 action-translator LogManager.java:25 translate  
                                                  $list.l.Add($expression.p)
                                                  $l = $list.l
                                              
2022-03-22 19:16:55:712 action-translator LogManager.java:25 qattr [@-1,54:57='list',<0>,9:51].[@-1,59:59='l',<0>,9:56]
2022-03-22 19:16:55:712 action-translator LogManager.java:25 qattr [@-1,66:75='expression',<0>,9:63].[@-1,77:77='p',<0>,9:74]
2022-03-22 19:16:55:712 action-translator LogManager.java:25 attr [@-1,132:132='l',<0>,10:51]
2022-03-22 19:16:55:712 action-translator LogManager.java:25 qattr [@-1,137:140='list',<0>,10:56].[@-1,142:142='l',<0>,10:61]
2022-03-22 19:16:55:712 action-translator LogManager.java:25 translate p.Precpred(p.GetParserRuleContext(), 2)
2022-03-22 19:16:55:713 action-translator LogManager.java:25 translate 
            	num,err := strconv.Atoi($NUMBER.text)
                if err!= nil{
                    fmt.Println(err)
                }
                
            $p = expresion.NewPrimitivo (num,interfaces.INTEGER)
       
2022-03-22 19:16:55:713 action-translator LogManager.java:25 qattr [@-1,40:45='NUMBER',<0>,119:38].[@-1,47:50='text',<0>,119:45]
2022-03-22 19:16:55:713 action-translator LogManager.java:25 attr [@-1,173:173='p',<0>,124:13]
2022-03-22 19:16:55:713 action-translator LogManager.java:25 translate 
            	num,err := strconv.Atoi($NUMBER.text)
                if err!= nil{
                    fmt.Println(err)
                }
                
            $p = expresion.NewPrimitivo (-num,interfaces.INTEGER)
       
2022-03-22 19:16:55:713 action-translator LogManager.java:25 qattr [@-1,40:45='NUMBER',<0>,127:38].[@-1,47:50='text',<0>,127:45]
2022-03-22 19:16:55:716 action-translator LogManager.java:25 attr [@-1,173:173='p',<0>,132:13]
2022-03-22 19:16:55:716 action-translator LogManager.java:25 translate 
            	num,err := strconv.ParseFloat($DECIMAL.text,64)
                if err!= nil{
                    fmt.Println(err)
                }
                 a := float64(num) 
            $p = expresion.NewPrimitivo (-a,interfaces.FLOAT)
       
2022-03-22 19:16:55:716 action-translator LogManager.java:25 qattr [@-1,46:52='DECIMAL',<0>,135:44].[@-1,54:57='text',<0>,135:52]
2022-03-22 19:16:55:716 action-translator LogManager.java:25 attr [@-1,202:202='p',<0>,140:13]
2022-03-22 19:16:55:716 action-translator LogManager.java:25 translate  
              
      str:= $STRING.text[1:len($STRING.text)-1]
     
      $p = expresion.NewPrimitivo(str,interfaces.STRING)
2022-03-22 19:16:55:716 action-translator LogManager.java:25 qattr [@-1,32:37='STRING',<0>,144:13].[@-1,39:42='text',<0>,144:20]
2022-03-22 19:16:55:716 action-translator LogManager.java:25 qattr [@-1,51:56='STRING',<0>,144:32].[@-1,58:61='text',<0>,144:39]
2022-03-22 19:16:55:716 action-translator LogManager.java:25 attr [@-1,82:82='p',<0>,146:7]
2022-03-22 19:16:55:716 action-translator LogManager.java:25 translate 
            	num,err := strconv.ParseFloat($DECIMAL.text,64)
                if err!= nil{
                    fmt.Println(err)
                }
                 a := float64(num) 
            $p = expresion.NewPrimitivo (a,interfaces.FLOAT)
       
2022-03-22 19:16:55:716 action-translator LogManager.java:25 qattr [@-1,46:52='DECIMAL',<0>,148:44].[@-1,54:57='text',<0>,148:52]
2022-03-22 19:16:55:716 action-translator LogManager.java:25 attr [@-1,202:202='p',<0>,153:13]
2022-03-22 19:16:55:717 action-translator LogManager.java:25 translate 
            	num,err := strconv.ParseFloat($DECIMAL.text,64)
                if err!= nil{
                    fmt.Println(err)
                }
            a := int(num)
            $p = expresion.NewPrimitivo (a,interfaces.INTEGER)
       
2022-03-22 19:16:55:717 action-translator LogManager.java:25 qattr [@-1,46:52='DECIMAL',<0>,157:44].[@-1,54:57='text',<0>,157:52]
2022-03-22 19:16:55:717 action-translator LogManager.java:25 attr [@-1,192:192='p',<0>,162:13]
2022-03-22 19:16:55:717 action-translator LogManager.java:25 translate 
           num,err := strconv.Atoi($NUMBER.text)
                if err!= nil{
                    fmt.Println(err)
                }
            a := float64(num)  
            $p = expresion.NewPrimitivo (a,interfaces.FLOAT)
       
2022-03-22 19:16:55:717 action-translator LogManager.java:25 qattr [@-1,38:43='NUMBER',<0>,165:36].[@-1,45:48='text',<0>,165:43]
2022-03-22 19:16:55:717 action-translator LogManager.java:25 attr [@-1,186:186='p',<0>,170:13]
2022-03-22 19:16:55:717 action-translator LogManager.java:25 translate  $p = $list.p
2022-03-22 19:16:55:717 action-translator LogManager.java:25 attr [@-1,2:2='p',<0>,172:22]
2022-03-22 19:16:55:717 action-translator LogManager.java:25 qattr [@-1,7:10='list',<0>,172:27].[@-1,12:12='p',<0>,172:32]
2022-03-22 19:16:55:717 action-translator LogManager.java:25 translate       
      $p = expresion.NewPrimitivo("true",interfaces.TRUE)
2022-03-22 19:16:55:717 action-translator LogManager.java:25 attr [@-1,15:15='p',<0>,174:7]
2022-03-22 19:16:55:717 action-translator LogManager.java:25 translate       
      $p = expresion.NewPrimitivo("false",interfaces.FALSE)
2022-03-22 19:16:55:717 action-translator LogManager.java:25 attr [@-1,15:15='p',<0>,176:7]
2022-03-22 19:16:55:717 action-translator LogManager.java:25 translate 
2022-03-22 19:16:55:717 action-translator LogManager.java:25 translate  $p = expresion.NewCallVariable($ID.text)
2022-03-22 19:16:55:717 action-translator LogManager.java:25 attr [@-1,2:2='p',<0>,2:34]
2022-03-22 19:16:55:718 action-translator LogManager.java:25 qattr [@-1,33:34='ID',<0>,2:65].[@-1,36:39='text',<0>,2:68]
2022-03-22 19:16:55:718 action-translator LogManager.java:25 translate p.Precpred(p.GetParserRuleContext(), 2)
2022-03-22 19:16:55:718 action-translator LogManager.java:25 translate  $p = expresion.NewArrayAccess($list.p, $expression.p) 
2022-03-22 19:16:55:718 action-translator LogManager.java:25 attr [@-1,2:2='p',<0>,5:133]
2022-03-22 19:16:55:718 action-translator LogManager.java:25 qattr [@-1,32:35='list',<0>,5:163].[@-1,37:37='p',<0>,5:168]
2022-03-22 19:16:55:718 action-translator LogManager.java:25 qattr [@-1,41:50='expression',<0>,5:172].[@-1,52:52='p',<0>,5:183]
2022-03-22 19:16:55:718 action-translator LogManager.java:25 translate p.Precpred(p.GetParserRuleContext(), 2)
2022-03-22 19:16:56:218 action-translator LogManager.java:25 translate 
    import "proyecto1/interfaces"
    import "proyecto1/expresion"
    import "proyecto1/instruction"
    import arrayList "github.com/colegno/arraylist"


2022-03-22 19:16:56:219 action-translator LogManager.java:25 translate 
    import "proyecto1/interfaces"
    import "proyecto1/expresion"
    import "proyecto1/instruction"
    import arrayList "github.com/colegno/arraylist"


2022-03-22 19:16:56:263 action-translator LogManager.java:25 translate 
    import "proyecto1/interfaces"
    import "proyecto1/expresion"
    import "proyecto1/instruction"
    import arrayList "github.com/colegno/arraylist"


2022-03-22 19:16:56:263 action-translator LogManager.java:25 translate 
    import "proyecto1/interfaces"
    import "proyecto1/expresion"
    import "proyecto1/instruction"
    import arrayList "github.com/colegno/arraylist"


